[2026-02-22 02:00:00.112 +00:00] [INF] [59] Emby.Server.Implementations.ScheduledTasks.TaskManager: "Extract Chapter Images" Completed after 0 minute(s) and 0 seconds
[2026-02-22 02:00:01.049 +00:00] [INF] [59] Emby.Server.Implementations.ScheduledTasks.TaskManager: Daily trigger for "Extract Chapter Images" set to fire at 2026-02-23 02:00:00.000 +00:00, which is 23:59:58.9503742 from now.
[2026-02-22 03:00:00.102 +00:00] [INF] [65] Emby.Server.Implementations.ScheduledTasks.TaskManager: "Generate Trickplay Images" Completed after 0 minute(s) and 0 seconds
[2026-02-22 03:00:01.050 +00:00] [INF] [65] Emby.Server.Implementations.ScheduledTasks.TaskManager: Daily trigger for "Generate Trickplay Images" set to fire at 2026-02-23 03:00:00.000 +00:00, which is 23:59:58.9493746 from now.
[2026-02-22 04:38:20.112 +00:00] [INF] [78] Emby.Server.Implementations.Library.LibraryManager: Validating media library
[2026-02-22 04:38:20.166 +00:00] [INF] [55] Emby.Server.Implementations.ScheduledTasks.TaskManager: "Media Segment Scan" Completed after 0 minute(s) and 0 seconds
[2026-02-22 04:38:20.252 +00:00] [WRN] [78] MediaBrowser.Controller.Entities.BaseItem: Library folder "/config/data/playlists" is inaccessible or empty, skipping
[2026-02-22 04:38:20.279 +00:00] [WRN] [78] MediaBrowser.Controller.Entities.BaseItem: Library folder "/config/data/playlists" is inaccessible or empty, skipping
[2026-02-22 04:38:20.331 +00:00] [INF] [78] Emby.Server.Implementations.ScheduledTasks.TaskManager: "Scan Media Library" Completed after 0 minute(s) and 0 seconds
[2026-02-22 04:43:25.144 +00:00] [INF] [58] Emby.Server.Implementations.ScheduledTasks.Tasks.OptimizeDatabaseTask: Optimizing and vacuuming jellyfin.db...
[2026-02-22 04:43:25.197 +00:00] [INF] [58] Jellyfin.Database.Providers.Sqlite.SqliteDatabaseProvider: jellyfin.db optimized successfully!
[2026-02-22 04:43:25.199 +00:00] [INF] [58] Emby.Server.Implementations.ScheduledTasks.TaskManager: "Optimize database" Completed after 0 minute(s) and 0 seconds
[2026-02-22 10:44:26.158 +00:00] [INF] [71] Emby.Server.Implementations.ScheduledTasks.Tasks.OptimizeDatabaseTask: Optimizing and vacuuming jellyfin.db...
[2026-02-22 10:44:26.216 +00:00] [INF] [71] Jellyfin.Database.Providers.Sqlite.SqliteDatabaseProvider: jellyfin.db optimized successfully!
[2026-02-22 10:44:26.217 +00:00] [INF] [71] Emby.Server.Implementations.ScheduledTasks.TaskManager: "Optimize database" Completed after 0 minute(s) and 0 seconds
[2026-02-22 16:36:18.036 +00:00] [INF] [81] Emby.Server.Implementations.ScheduledTasks.TaskManager: "Audio Normalization" Completed after 0 minute(s) and 0 seconds
[2026-02-22 16:36:18.036 +00:00] [INF] [41] Emby.Server.Implementations.ScheduledTasks.TaskManager: "Download missing subtitles" Completed after 0 minute(s) and 0 seconds
[2026-02-22 16:36:18.113 +00:00] [INF] [81] Emby.Server.Implementations.ScheduledTasks.TaskManager: "Clean Log Directory" Completed after 0 minute(s) and 0 seconds
[2026-02-22 16:36:18.114 +00:00] [INF] [63] Emby.Server.Implementations.ScheduledTasks.TaskManager: "Clean Transcode Directory" Completed after 0 minute(s) and 0 seconds
[2026-02-22 16:36:18.156 +00:00] [INF] [41] Emby.Server.Implementations.ScheduledTasks.TaskManager: "Clean Cache Directory" Completed after 0 minute(s) and 0 seconds
[2026-02-22 16:36:18.202 +00:00] [INF] [27] Emby.Server.Implementations.ScheduledTasks.TaskManager: "Download missing lyrics" Completed after 0 minute(s) and 0 seconds
[2026-02-22 16:36:18.222 +00:00] [INF] [63] Emby.Server.Implementations.ScheduledTasks.TaskManager: "TasksRefreshChannels" Completed after 0 minute(s) and 0 seconds
[2026-02-22 16:36:19.240 +00:00] [INF] [63] Emby.Server.Implementations.ScheduledTasks.TaskManager: "Update Plugins" Completed after 0 minute(s) and 1 seconds
[2026-02-22 16:36:21.202 +00:00] [INF] [63] Jellyfin.LiveTv.Guide.GuideManager: Refreshing guide with 7 days of guide data
[2026-02-22 16:36:21.217 +00:00] [INF] [63] Emby.Server.Implementations.ScheduledTasks.TaskManager: "Refresh Guide" Completed after 0 minute(s) and 3 seconds
[2026-02-22 16:39:21.136 +00:00] [INF] [60] Emby.Server.Implementations.Library.LibraryManager: Validating media library
[2026-02-22 16:39:21.176 +00:00] [INF] [42] Emby.Server.Implementations.ScheduledTasks.TaskManager: "Media Segment Scan" Completed after 0 minute(s) and 0 seconds
[2026-02-22 16:39:21.247 +00:00] [WRN] [60] MediaBrowser.Controller.Entities.BaseItem: Library folder "/config/data/playlists" is inaccessible or empty, skipping
[2026-02-22 16:39:21.263 +00:00] [WRN] [60] MediaBrowser.Controller.Entities.BaseItem: Library folder "/config/data/playlists" is inaccessible or empty, skipping
[2026-02-22 16:39:21.303 +00:00] [INF] [60] Emby.Server.Implementations.ScheduledTasks.TaskManager: "Scan Media Library" Completed after 0 minute(s) and 0 seconds
[2026-02-22 16:45:27.172 +00:00] [INF] [68] Emby.Server.Implementations.ScheduledTasks.Tasks.OptimizeDatabaseTask: Optimizing and vacuuming jellyfin.db...
[2026-02-22 16:45:27.222 +00:00] [INF] [68] Jellyfin.Database.Providers.Sqlite.SqliteDatabaseProvider: jellyfin.db optimized successfully!
[2026-02-22 16:45:27.223 +00:00] [INF] [68] Emby.Server.Implementations.ScheduledTasks.TaskManager: "Optimize database" Completed after 0 minute(s) and 0 seconds
[2026-02-22 22:46:28.174 +00:00] [INF] [89] Emby.Server.Implementations.ScheduledTasks.Tasks.OptimizeDatabaseTask: Optimizing and vacuuming jellyfin.db...
[2026-02-22 22:46:28.231 +00:00] [INF] [89] Jellyfin.Database.Providers.Sqlite.SqliteDatabaseProvider: jellyfin.db optimized successfully!
[2026-02-22 22:46:28.231 +00:00] [INF] [89] Emby.Server.Implementations.ScheduledTasks.TaskManager: "Optimize database" Completed after 0 minute(s) and 0 seconds
