[2026-02-23 02:00:00.109 +00:00] [INF] [64] Emby.Server.Implementations.ScheduledTasks.TaskManager: "Extract Chapter Images" Completed after 0 minute(s) and 0 seconds
[2026-02-23 02:00:01.017 +00:00] [INF] [64] Emby.Server.Implementations.ScheduledTasks.TaskManager: Daily trigger for "Extract Chapter Images" set to fire at 2026-02-24 02:00:00.000 +00:00, which is 23:59:58.9830516 from now.
[2026-02-23 03:00:00.133 +00:00] [INF] [20] Emby.Server.Implementations.ScheduledTasks.TaskManager: "Generate Trickplay Images" Completed after 0 minute(s) and 0 seconds
[2026-02-23 03:00:01.035 +00:00] [INF] [20] Emby.Server.Implementations.ScheduledTasks.TaskManager: Daily trigger for "Generate Trickplay Images" set to fire at 2026-02-24 03:00:00.000 +00:00, which is 23:59:58.9645529 from now.
[2026-02-23 04:40:22.137 +00:00] [INF] [49] Emby.Server.Implementations.Library.LibraryManager: Validating media library
[2026-02-23 04:40:22.189 +00:00] [INF] [62] Emby.Server.Implementations.ScheduledTasks.TaskManager: "Media Segment Scan" Completed after 0 minute(s) and 0 seconds
[2026-02-23 04:40:22.262 +00:00] [WRN] [49] MediaBrowser.Controller.Entities.BaseItem: Library folder "/config/data/playlists" is inaccessible or empty, skipping
[2026-02-23 04:40:22.286 +00:00] [WRN] [49] MediaBrowser.Controller.Entities.BaseItem: Library folder "/config/data/playlists" is inaccessible or empty, skipping
[2026-02-23 04:40:22.325 +00:00] [INF] [49] Emby.Server.Implementations.ScheduledTasks.TaskManager: "Scan Media Library" Completed after 0 minute(s) and 0 seconds
[2026-02-23 04:47:29.186 +00:00] [INF] [39] Emby.Server.Implementations.ScheduledTasks.Tasks.OptimizeDatabaseTask: Optimizing and vacuuming jellyfin.db...
[2026-02-23 04:47:29.258 +00:00] [INF] [39] Jellyfin.Database.Providers.Sqlite.SqliteDatabaseProvider: jellyfin.db optimized successfully!
[2026-02-23 04:47:29.258 +00:00] [INF] [39] Emby.Server.Implementations.ScheduledTasks.TaskManager: "Optimize database" Completed after 0 minute(s) and 0 seconds
[2026-02-23 10:48:30.206 +00:00] [INF] [76] Emby.Server.Implementations.ScheduledTasks.Tasks.OptimizeDatabaseTask: Optimizing and vacuuming jellyfin.db...
[2026-02-23 10:48:30.250 +00:00] [INF] [76] Jellyfin.Database.Providers.Sqlite.SqliteDatabaseProvider: jellyfin.db optimized successfully!
[2026-02-23 10:48:30.251 +00:00] [INF] [76] Emby.Server.Implementations.ScheduledTasks.TaskManager: "Optimize database" Completed after 0 minute(s) and 0 seconds
[2026-02-23 16:37:19.175 +00:00] [INF] [41] Emby.Server.Implementations.ScheduledTasks.TaskManager: "Download missing subtitles" Completed after 0 minute(s) and 0 seconds
[2026-02-23 16:37:19.179 +00:00] [INF] [75] Emby.Server.Implementations.ScheduledTasks.TaskManager: "Audio Normalization" Completed after 0 minute(s) and 0 seconds
[2026-02-23 16:37:19.449 +00:00] [INF] [33] Emby.Server.Implementations.ScheduledTasks.TaskManager: "Clean Log Directory" Completed after 0 minute(s) and 0 seconds
[2026-02-23 16:37:19.558 +00:00] [INF] [41] Emby.Server.Implementations.ScheduledTasks.TaskManager: "Clean Cache Directory" Completed after 0 minute(s) and 0 seconds
[2026-02-23 16:37:19.564 +00:00] [INF] [32] Emby.Server.Implementations.ScheduledTasks.TaskManager: "Clean Transcode Directory" Completed after 0 minute(s) and 0 seconds
[2026-02-23 16:37:19.688 +00:00] [INF] [32] Emby.Server.Implementations.ScheduledTasks.TaskManager: "TasksRefreshChannels" Completed after 0 minute(s) and 0 seconds
[2026-02-23 16:37:19.744 +00:00] [INF] [27] Emby.Server.Implementations.ScheduledTasks.TaskManager: "Download missing lyrics" Completed after 0 minute(s) and 0 seconds
[2026-02-23 16:37:20.906 +00:00] [INF] [75] Emby.Server.Implementations.ScheduledTasks.TaskManager: "Update Plugins" Completed after 0 minute(s) and 1 seconds
[2026-02-23 16:37:22.583 +00:00] [INF] [27] Jellyfin.LiveTv.Guide.GuideManager: Refreshing guide with 7 days of guide data
[2026-02-23 16:37:22.606 +00:00] [INF] [27] Emby.Server.Implementations.ScheduledTasks.TaskManager: "Refresh Guide" Completed after 0 minute(s) and 3 seconds
[2026-02-23 16:41:23.192 +00:00] [INF] [81] Emby.Server.Implementations.Library.LibraryManager: Validating media library
[2026-02-23 16:41:23.264 +00:00] [INF] [26] Emby.Server.Implementations.ScheduledTasks.TaskManager: "Media Segment Scan" Completed after 0 minute(s) and 0 seconds
[2026-02-23 16:41:23.529 +00:00] [WRN] [81] MediaBrowser.Controller.Entities.BaseItem: Library folder "/config/data/playlists" is inaccessible or empty, skipping
[2026-02-23 16:41:23.571 +00:00] [WRN] [81] MediaBrowser.Controller.Entities.BaseItem: Library folder "/config/data/playlists" is inaccessible or empty, skipping
[2026-02-23 16:41:23.691 +00:00] [INF] [81] Emby.Server.Implementations.ScheduledTasks.TaskManager: "Scan Media Library" Completed after 0 minute(s) and 0 seconds
[2026-02-23 16:49:31.237 +00:00] [INF] [10] Emby.Server.Implementations.ScheduledTasks.Tasks.OptimizeDatabaseTask: Optimizing and vacuuming jellyfin.db...
[2026-02-23 16:49:31.298 +00:00] [INF] [10] Jellyfin.Database.Providers.Sqlite.SqliteDatabaseProvider: jellyfin.db optimized successfully!
[2026-02-23 16:49:31.299 +00:00] [INF] [10] Emby.Server.Implementations.ScheduledTasks.TaskManager: "Optimize database" Completed after 0 minute(s) and 0 seconds
[2026-02-23 20:56:16.921 +00:00] [INF] [43] Emby.Server.Implementations.Session.SessionManager: Sending shutdown notifications
[2026-02-23 20:56:52.159 +00:00] [INF] [1] Emby.Server.Implementations.AppBase.BaseConfigurationManager: Setting cache path: "/cache"
[2026-02-23 20:56:54.239 +00:00] [INF] [7] Jellyfin.Server.ServerSetupApp.SetupServer: Kestrel is listening on "0.0.0.0"
[2026-02-23 20:56:54.512 +00:00] [INF] [7] Main: Jellyfin version: "10.11.6"
[2026-02-23 20:56:54.524 +00:00] [INF] [7] Main: Environment Variables: ["[JELLYFIN_WEB_DIR, /jellyfin/jellyfin-web]", "[JELLYFIN_PublishedServerUrl, https://tv.henrique.pw]", "[JELLYFIN_CACHE_DIR, /cache]", "[JELLYFIN_LOG_DIR, /config/log]", "[JELLYFIN_CONFIG_DIR, /config/config]", "[JELLYFIN_DATA_DIR, /config]", "[JELLYFIN_FFMPEG, /usr/lib/jellyfin-ffmpeg/ffmpeg]"]
[2026-02-23 20:56:54.554 +00:00] [INF] [7] Main: Arguments: ["/jellyfin/jellyfin.dll"]
[2026-02-23 20:56:54.560 +00:00] [INF] [7] Main: Operating system: "Debian GNU/Linux 13 (trixie)"
[2026-02-23 20:56:54.560 +00:00] [INF] [7] Main: Architecture: X64
[2026-02-23 20:56:54.560 +00:00] [INF] [7] Main: 64-Bit Process: True
[2026-02-23 20:56:54.560 +00:00] [INF] [7] Main: User Interactive: True
[2026-02-23 20:56:54.560 +00:00] [INF] [7] Main: Processor count: 4
[2026-02-23 20:56:54.561 +00:00] [INF] [7] Main: Program data path: "/config"
[2026-02-23 20:56:54.561 +00:00] [INF] [7] Main: Log directory path: "/config/log"
[2026-02-23 20:56:54.561 +00:00] [INF] [7] Main: Config directory path: "/config/config"
[2026-02-23 20:56:54.561 +00:00] [INF] [7] Main: Cache path: "/cache"
[2026-02-23 20:56:54.561 +00:00] [INF] [7] Main: Temp directory path: "/tmp/jellyfin"
[2026-02-23 20:56:54.561 +00:00] [INF] [7] Main: Web resources path: "/jellyfin/jellyfin-web"
[2026-02-23 20:56:54.561 +00:00] [INF] [7] Main: Application directory: "/jellyfin/"
[2026-02-23 20:56:54.695 +00:00] [INF] [7] Jellyfin.Server.Startup: Storage path `"/config/data"` (Unknown) successfully checked with "14.6TiB" free which is over the minimum of "2GiB".
[2026-02-23 20:56:54.705 +00:00] [INF] [7] Jellyfin.Server.Startup: Storage path `"/cache"` (Unknown) successfully checked with "14.6TiB" free which is over the minimum of "2GiB".
[2026-02-23 20:56:54.708 +00:00] [INF] [7] Jellyfin.Server.Startup: Storage path `"/config"` (Unknown) successfully checked with "14.6TiB" free which is over the minimum of "2GiB".
[2026-02-23 20:56:54.747 +00:00] [INF] [7] Emby.Server.Implementations.AppBase.BaseConfigurationManager: Setting cache path: "/cache"
[2026-02-23 20:56:55.654 +00:00] [INF] [7] Jellyfin.Database.Providers.Sqlite.SqliteDatabaseProvider: SQLite connection string: "Data Source=/config/data/jellyfin.db;Cache=Default;Default Timeout=30;Pooling=True"
[2026-02-23 20:56:55.741 +00:00] [INF] [7] Jellyfin.Database.Providers.Sqlite.SqliteDatabaseProvider: SQLITE connection pragma command set to: 
"PRAGMA locking_mode=NORMAL;
PRAGMA journal_size_limit=134217728;
PRAGMA synchronous=1;
PRAGMA temp_store=2;
"
[2026-02-23 20:56:55.747 +00:00] [INF] [7] Jellyfin.Database.Implementations.Locking.NoLockBehavior: The database locking mode has been set to: NoLock.
[2026-02-23 20:56:56.174 +00:00] [INF] [7] Jellyfin.Server.Migrations.JellyfinMigrationService: Initialise Migration service.
[2026-02-23 20:56:56.194 +00:00] [INF] [7] Jellyfin.Server.Migrations.JellyfinMigrationService: System initialisation detected. Seed data.
[2026-02-23 20:56:56.301 +00:00] [WRN] [12] Microsoft.Extensions.Diagnostics.HealthChecks.DefaultHealthCheckService: Health check "StartupCheck" with status Degraded completed after 2.7414ms with message '"Server is still starting up."'
[2026-02-23 20:57:02.806 +00:00] [INF] [7] Jellyfin.Server.Migrations.JellyfinMigrationService: Migration system initialisation completed.
[2026-02-23 20:57:02.861 +00:00] [INF] [7] Jellyfin.Server.Migrations.JellyfinMigrationService: There are 0 migrations for stage PreInitialisation.
[2026-02-23 20:57:03.014 +00:00] [INF] [7] Emby.Server.Implementations.AppBase.BaseConfigurationManager: Setting cache path: "/cache"
[2026-02-23 20:57:03.197 +00:00] [INF] [7] Emby.Server.Implementations.ApplicationHost: Loading assemblies
[2026-02-23 20:57:03.592 +00:00] [INF] [7] Jellyfin.Networking.Manager.NetworkManager: Defined LAN subnets: ["127.0.0.1/8", "10.0.0.0/8", "172.16.0.0/12", "192.168.0.0/16"]
[2026-02-23 20:57:03.597 +00:00] [INF] [7] Jellyfin.Networking.Manager.NetworkManager: Defined LAN exclusions: []
[2026-02-23 20:57:03.597 +00:00] [INF] [7] Jellyfin.Networking.Manager.NetworkManager: Used LAN subnets: ["127.0.0.1/8", "10.0.0.0/8", "172.16.0.0/12", "192.168.0.0/16"]
[2026-02-23 20:57:03.618 +00:00] [INF] [7] Jellyfin.Networking.Manager.NetworkManager: Filtered interface addresses: ["127.0.0.1", "172.23.0.2"]
[2026-02-23 20:57:03.625 +00:00] [INF] [7] Jellyfin.Networking.Manager.NetworkManager: Bind Addresses ["0.0.0.0"]
[2026-02-23 20:57:03.626 +00:00] [INF] [7] Jellyfin.Networking.Manager.NetworkManager: Remote IP filter is "Allowlist"
[2026-02-23 20:57:03.626 +00:00] [INF] [7] Jellyfin.Networking.Manager.NetworkManager: Filtered subnets: []
[2026-02-23 20:57:06.418 +00:00] [INF] [7] Jellyfin.Database.Providers.Sqlite.SqliteDatabaseProvider: SQLite connection string: "Data Source=/config/data/jellyfin.db;Cache=Default;Default Timeout=30;Pooling=True"
[2026-02-23 20:57:06.432 +00:00] [INF] [7] Jellyfin.Database.Providers.Sqlite.SqliteDatabaseProvider: SQLITE connection pragma command set to: 
"PRAGMA locking_mode=NORMAL;
PRAGMA journal_size_limit=134217728;
PRAGMA synchronous=1;
PRAGMA temp_store=2;
"
[2026-02-23 20:57:06.433 +00:00] [INF] [7] Jellyfin.Database.Implementations.Locking.NoLockBehavior: The database locking mode has been set to: NoLock.
[2026-02-23 20:57:06.502 +00:00] [INF] [7] Main: Prepare system for possible migrations
[2026-02-23 20:57:07.049 +00:00] [INF] [7] Jellyfin.Server.Migrations.JellyfinMigrationService: There are 0 migrations for stage CoreInitialisation.
[2026-02-23 20:57:09.006 +00:00] [INF] [7] Emby.Server.Implementations.Plugins.PluginManager: Loaded plugin: "TMDb" "10.11.6.0"
[2026-02-23 20:57:09.022 +00:00] [INF] [7] Emby.Server.Implementations.Plugins.PluginManager: Loaded plugin: "Studio Images" "10.11.6.0"
[2026-02-23 20:57:09.030 +00:00] [INF] [7] Emby.Server.Implementations.Plugins.PluginManager: Loaded plugin: "OMDb" "10.11.6.0"
[2026-02-23 20:57:09.133 +00:00] [INF] [7] Emby.Server.Implementations.Plugins.PluginManager: Loaded plugin: "MusicBrainz" "10.11.6.0"
[2026-02-23 20:57:09.137 +00:00] [INF] [7] Emby.Server.Implementations.Plugins.PluginManager: Loaded plugin: "AudioDB" "10.11.6.0"
[2026-02-23 20:57:09.419 +00:00] [INF] [7] Jellyfin.Server.Migrations.JellyfinMigrationService: There are 0 migrations for stage AppInitialisation.
[2026-02-23 20:57:09.786 +00:00] [INF] [12] Main: Kestrel is listening on "0.0.0.0"
[2026-02-23 20:57:10.081 +00:00] [WRN] [7] Microsoft.AspNetCore.DataProtection.KeyManagement.XmlKeyManager: No XML encryptor configured. Key {74ef5dc3-4b89-4185-8747-29f4bd1caf3c} may be persisted to storage in unencrypted form.
[2026-02-23 20:57:13.255 +00:00] [WRN] [12] Microsoft.AspNetCore.StaticFiles.StaticFileMiddleware: The WebRootPath was not found: "/wwwroot". Static files may be unavailable.
[2026-02-23 20:57:13.525 +00:00] [INF] [12] Emby.Server.Implementations.ApplicationHost: Running startup tasks
[2026-02-23 20:57:13.586 +00:00] [INF] [12] Emby.Server.Implementations.ScheduledTasks.TaskManager: Daily trigger for "Generate Trickplay Images" set to fire at 2026-02-24 03:00:00.000 +00:00, which is 06:02:46.4141817 from now.
[2026-02-23 20:57:13.614 +00:00] [INF] [12] Emby.Server.Implementations.ScheduledTasks.TaskManager: Daily trigger for "Extract Chapter Images" set to fire at 2026-02-24 02:00:00.000 +00:00, which is 05:02:46.3852030 from now.
[2026-02-23 20:57:15.881 +00:00] [INF] [12] MediaBrowser.MediaEncoding.Encoder.MediaEncoder: Found ffmpeg version "7.1.3"
[2026-02-23 20:57:16.629 +00:00] [INF] [12] MediaBrowser.MediaEncoding.Encoder.MediaEncoder: Available "decoders": ["libdav1d", "av1", "av1_cuvid", "av1_qsv", "h264", "h264_qsv", "h264_cuvid", "hevc", "hevc_qsv", "hevc_cuvid", "mpeg2video", "mpeg2_qsv", "mpeg2_cuvid", "mpeg4", "mpeg4_cuvid", "msmpeg4", "vc1_qsv", "vc1_cuvid", "vp8", "libvpx", "vp8_cuvid", "vp8_qsv", "vp9", "libvpx-vp9", "vp9_cuvid", "vp9_qsv", "aac", "ac3", "ac4", "dca", "flac", "mp3", "truehd"]
[2026-02-23 20:57:17.023 +00:00] [INF] [12] MediaBrowser.MediaEncoding.Encoder.MediaEncoder: Available "encoders": ["libsvtav1", "av1_nvenc", "av1_qsv", "av1_amf", "av1_vaapi", "libx264", "h264_amf", "h264_nvenc", "h264_qsv", "h264_v4l2m2m", "h264_vaapi", "libx265", "hevc_amf", "hevc_nvenc", "hevc_qsv", "hevc_vaapi", "mjpeg_qsv", "mjpeg_vaapi", "aac", "libfdk_aac", "ac3", "alac", "dca", "flac", "libmp3lame", "libopus", "truehd", "libvorbis", "srt"]
[2026-02-23 20:57:17.025 +00:00] [INF] [20] Emby.Server.Implementations.Session.SessionManager: Sending shutdown notifications
[2026-02-23 20:57:17.429 +00:00] [INF] [19] Emby.Server.Implementations.ScheduledTasks.TaskManager: "Clean Transcode Directory" Completed after 0 minute(s) and 0 seconds
[2026-02-23 20:57:17.471 +00:00] [INF] [9] Emby.Server.Implementations.ScheduledTasks.TaskManager: "Clean up collections and playlists" Completed after 0 minute(s) and 0 seconds
[2026-02-23 20:57:17.760 +00:00] [INF] [12] MediaBrowser.MediaEncoding.Encoder.MediaEncoder: Available filters: ["bwdif_cuda", "bwdif_opencl", "deinterlace_qsv", "deinterlace_vaapi", "flip_vulkan", "hwupload_cuda", "hwupload_vaapi", "libplacebo", "overlay_opencl", "overlay_qsv", "overlay_vaapi", "overlay_vulkan", "overlay_cuda", "procamp_vaapi", "scale_cuda", "scale_opencl", "scale_qsv", "scale_vaapi", "scale_vulkan", "tonemapx", "tonemap_cuda", "tonemap_opencl", "tonemap_vaapi", "transpose_cuda", "transpose_opencl", "transpose_vaapi", "transpose_vulkan", "vpp_qsv", "yadif_cuda", "yadif_opencl", "zscale", "alphasrc"]
[2026-02-23 20:59:20.830 +00:00] [INF] [1] Emby.Server.Implementations.AppBase.BaseConfigurationManager: Setting cache path: "/cache"
[2026-02-23 20:59:22.341 +00:00] [INF] [7] Jellyfin.Server.ServerSetupApp.SetupServer: Kestrel is listening on "0.0.0.0"
[2026-02-23 20:59:22.854 +00:00] [INF] [7] Main: Jellyfin version: "10.11.6"
[2026-02-23 20:59:22.918 +00:00] [INF] [7] Main: Environment Variables: ["[JELLYFIN_LOG_DIR, /config/log]", "[JELLYFIN_CACHE_DIR, /cache]", "[JELLYFIN_DATA_DIR, /config]", "[JELLYFIN_PublishedServerUrl, https://tv.henrique.pw]", "[JELLYFIN_FFMPEG, /usr/lib/jellyfin-ffmpeg/ffmpeg]", "[JELLYFIN_CONFIG_DIR, /config/config]", "[JELLYFIN_WEB_DIR, /jellyfin/jellyfin-web]"]
[2026-02-23 20:59:22.940 +00:00] [INF] [7] Main: Arguments: ["/jellyfin/jellyfin.dll"]
[2026-02-23 20:59:22.944 +00:00] [INF] [7] Main: Operating system: "Debian GNU/Linux 13 (trixie)"
[2026-02-23 20:59:22.944 +00:00] [INF] [7] Main: Architecture: X64
[2026-02-23 20:59:22.951 +00:00] [INF] [7] Main: 64-Bit Process: True
[2026-02-23 20:59:22.951 +00:00] [INF] [7] Main: User Interactive: True
[2026-02-23 20:59:22.951 +00:00] [INF] [7] Main: Processor count: 4
[2026-02-23 20:59:22.951 +00:00] [INF] [7] Main: Program data path: "/config"
[2026-02-23 20:59:22.952 +00:00] [INF] [7] Main: Log directory path: "/config/log"
[2026-02-23 20:59:22.952 +00:00] [INF] [7] Main: Config directory path: "/config/config"
[2026-02-23 20:59:22.952 +00:00] [INF] [7] Main: Cache path: "/cache"
[2026-02-23 20:59:22.955 +00:00] [INF] [7] Main: Temp directory path: "/tmp/jellyfin"
[2026-02-23 20:59:22.955 +00:00] [INF] [7] Main: Web resources path: "/jellyfin/jellyfin-web"
[2026-02-23 20:59:22.955 +00:00] [INF] [7] Main: Application directory: "/jellyfin/"
[2026-02-23 20:59:23.065 +00:00] [INF] [7] Jellyfin.Server.Startup: Storage path `"/config/data"` (Unknown) successfully checked with "14.6TiB" free which is over the minimum of "2GiB".
[2026-02-23 20:59:23.081 +00:00] [INF] [7] Jellyfin.Server.Startup: Storage path `"/cache"` (Unknown) successfully checked with "14.6TiB" free which is over the minimum of "2GiB".
[2026-02-23 20:59:23.085 +00:00] [INF] [7] Jellyfin.Server.Startup: Storage path `"/config"` (Unknown) successfully checked with "14.6TiB" free which is over the minimum of "2GiB".
[2026-02-23 20:59:23.129 +00:00] [INF] [7] Emby.Server.Implementations.AppBase.BaseConfigurationManager: Setting cache path: "/cache"
[2026-02-23 20:59:24.139 +00:00] [WRN] [9] Microsoft.Extensions.Diagnostics.HealthChecks.DefaultHealthCheckService: Health check "StartupCheck" with status Degraded completed after 28.6288ms with message '"Server is still starting up."'
[2026-02-23 20:59:24.170 +00:00] [INF] [7] Jellyfin.Database.Providers.Sqlite.SqliteDatabaseProvider: SQLite connection string: "Data Source=/config/data/jellyfin.db;Cache=Default;Default Timeout=30;Pooling=True"
[2026-02-23 20:59:24.263 +00:00] [INF] [7] Jellyfin.Database.Providers.Sqlite.SqliteDatabaseProvider: SQLITE connection pragma command set to: 
"PRAGMA locking_mode=NORMAL;
PRAGMA journal_size_limit=134217728;
PRAGMA synchronous=1;
PRAGMA temp_store=2;
"
[2026-02-23 20:59:24.267 +00:00] [INF] [7] Jellyfin.Database.Implementations.Locking.NoLockBehavior: The database locking mode has been set to: NoLock.
[2026-02-23 20:59:24.535 +00:00] [INF] [7] Jellyfin.Server.Migrations.JellyfinMigrationService: Initialise Migration service.
[2026-02-23 20:59:24.538 +00:00] [INF] [7] Jellyfin.Server.Migrations.JellyfinMigrationService: System initialisation detected. Seed data.
[2026-02-23 20:59:29.381 +00:00] [INF] [7] Jellyfin.Server.Migrations.JellyfinMigrationService: Migration system initialisation completed.
[2026-02-23 20:59:29.416 +00:00] [INF] [7] Jellyfin.Server.Migrations.JellyfinMigrationService: There are 0 migrations for stage PreInitialisation.
[2026-02-23 20:59:29.469 +00:00] [INF] [7] Emby.Server.Implementations.AppBase.BaseConfigurationManager: Setting cache path: "/cache"
[2026-02-23 20:59:29.654 +00:00] [INF] [7] Emby.Server.Implementations.ApplicationHost: Loading assemblies
[2026-02-23 20:59:29.745 +00:00] [INF] [7] Jellyfin.Networking.Manager.NetworkManager: Defined LAN subnets: ["127.0.0.1/8", "10.0.0.0/8", "172.16.0.0/12", "192.168.0.0/16"]
[2026-02-23 20:59:29.750 +00:00] [INF] [7] Jellyfin.Networking.Manager.NetworkManager: Defined LAN exclusions: []
[2026-02-23 20:59:29.750 +00:00] [INF] [7] Jellyfin.Networking.Manager.NetworkManager: Used LAN subnets: ["127.0.0.1/8", "10.0.0.0/8", "172.16.0.0/12", "192.168.0.0/16"]
[2026-02-23 20:59:29.752 +00:00] [INF] [7] Jellyfin.Networking.Manager.NetworkManager: Filtered interface addresses: ["127.0.0.1", "172.21.0.2"]
[2026-02-23 20:59:29.760 +00:00] [INF] [7] Jellyfin.Networking.Manager.NetworkManager: Bind Addresses ["0.0.0.0"]
[2026-02-23 20:59:29.760 +00:00] [INF] [7] Jellyfin.Networking.Manager.NetworkManager: Remote IP filter is "Allowlist"
[2026-02-23 20:59:29.760 +00:00] [INF] [7] Jellyfin.Networking.Manager.NetworkManager: Filtered subnets: []
[2026-02-23 20:59:30.563 +00:00] [INF] [7] Jellyfin.Database.Providers.Sqlite.SqliteDatabaseProvider: SQLite connection string: "Data Source=/config/data/jellyfin.db;Cache=Default;Default Timeout=30;Pooling=True"
[2026-02-23 20:59:30.570 +00:00] [INF] [7] Jellyfin.Database.Providers.Sqlite.SqliteDatabaseProvider: SQLITE connection pragma command set to: 
"PRAGMA locking_mode=NORMAL;
PRAGMA journal_size_limit=134217728;
PRAGMA synchronous=1;
PRAGMA temp_store=2;
"
[2026-02-23 20:59:30.572 +00:00] [INF] [7] Jellyfin.Database.Implementations.Locking.NoLockBehavior: The database locking mode has been set to: NoLock.
[2026-02-23 20:59:30.611 +00:00] [INF] [7] Main: Prepare system for possible migrations
[2026-02-23 20:59:30.928 +00:00] [INF] [7] Jellyfin.Server.Migrations.JellyfinMigrationService: There are 0 migrations for stage CoreInitialisation.
[2026-02-23 20:59:33.314 +00:00] [INF] [7] Emby.Server.Implementations.Plugins.PluginManager: Loaded plugin: "TMDb" "10.11.6.0"
[2026-02-23 20:59:33.320 +00:00] [INF] [7] Emby.Server.Implementations.Plugins.PluginManager: Loaded plugin: "Studio Images" "10.11.6.0"
[2026-02-23 20:59:33.330 +00:00] [INF] [7] Emby.Server.Implementations.Plugins.PluginManager: Loaded plugin: "OMDb" "10.11.6.0"
[2026-02-23 20:59:33.387 +00:00] [INF] [7] Emby.Server.Implementations.Plugins.PluginManager: Loaded plugin: "MusicBrainz" "10.11.6.0"
[2026-02-23 20:59:33.392 +00:00] [INF] [7] Emby.Server.Implementations.Plugins.PluginManager: Loaded plugin: "AudioDB" "10.11.6.0"
[2026-02-23 20:59:33.643 +00:00] [INF] [7] Jellyfin.Server.Migrations.JellyfinMigrationService: There are 0 migrations for stage AppInitialisation.
[2026-02-23 20:59:33.964 +00:00] [INF] [15] Main: Kestrel is listening on "0.0.0.0"
[2026-02-23 20:59:34.045 +00:00] [WRN] [7] Microsoft.AspNetCore.DataProtection.KeyManagement.XmlKeyManager: No XML encryptor configured. Key {49ea3705-8edc-4654-b5d4-064c7bbbc460} may be persisted to storage in unencrypted form.
[2026-02-23 20:59:36.951 +00:00] [WRN] [15] Microsoft.AspNetCore.StaticFiles.StaticFileMiddleware: The WebRootPath was not found: "/wwwroot". Static files may be unavailable.
[2026-02-23 20:59:37.472 +00:00] [INF] [15] Emby.Server.Implementations.ApplicationHost: Running startup tasks
[2026-02-23 20:59:37.545 +00:00] [INF] [15] Emby.Server.Implementations.ScheduledTasks.TaskManager: Daily trigger for "Generate Trickplay Images" set to fire at 2026-02-24 03:00:00.000 +00:00, which is 06:00:22.4550298 from now.
[2026-02-23 20:59:37.576 +00:00] [INF] [15] Emby.Server.Implementations.ScheduledTasks.TaskManager: Daily trigger for "Extract Chapter Images" set to fire at 2026-02-24 02:00:00.000 +00:00, which is 05:00:22.4231413 from now.
[2026-02-23 20:59:37.892 +00:00] [INF] [15] MediaBrowser.MediaEncoding.Encoder.MediaEncoder: Found ffmpeg version "7.1.3"
[2026-02-23 20:59:38.291 +00:00] [INF] [15] MediaBrowser.MediaEncoding.Encoder.MediaEncoder: Available "decoders": ["libdav1d", "av1", "av1_cuvid", "av1_qsv", "h264", "h264_qsv", "h264_cuvid", "hevc", "hevc_qsv", "hevc_cuvid", "mpeg2video", "mpeg2_qsv", "mpeg2_cuvid", "mpeg4", "mpeg4_cuvid", "msmpeg4", "vc1_qsv", "vc1_cuvid", "vp8", "libvpx", "vp8_cuvid", "vp8_qsv", "vp9", "libvpx-vp9", "vp9_cuvid", "vp9_qsv", "aac", "ac3", "ac4", "dca", "flac", "mp3", "truehd"]
[2026-02-23 20:59:38.491 +00:00] [INF] [15] MediaBrowser.MediaEncoding.Encoder.MediaEncoder: Available "encoders": ["libsvtav1", "av1_nvenc", "av1_qsv", "av1_amf", "av1_vaapi", "libx264", "h264_amf", "h264_nvenc", "h264_qsv", "h264_v4l2m2m", "h264_vaapi", "libx265", "hevc_amf", "hevc_nvenc", "hevc_qsv", "hevc_vaapi", "mjpeg_qsv", "mjpeg_vaapi", "aac", "libfdk_aac", "ac3", "alac", "dca", "flac", "libmp3lame", "libopus", "truehd", "libvorbis", "srt"]
[2026-02-23 20:59:38.673 +00:00] [INF] [15] MediaBrowser.MediaEncoding.Encoder.MediaEncoder: Available filters: ["bwdif_cuda", "bwdif_opencl", "deinterlace_qsv", "deinterlace_vaapi", "flip_vulkan", "hwupload_cuda", "hwupload_vaapi", "libplacebo", "overlay_opencl", "overlay_qsv", "overlay_vaapi", "overlay_vulkan", "overlay_cuda", "procamp_vaapi", "scale_cuda", "scale_opencl", "scale_qsv", "scale_vaapi", "scale_vulkan", "tonemapx", "tonemap_cuda", "tonemap_opencl", "tonemap_vaapi", "transpose_cuda", "transpose_opencl", "transpose_vaapi", "transpose_vulkan", "vpp_qsv", "yadif_cuda", "yadif_opencl", "zscale", "alphasrc"]
[2026-02-23 20:59:40.986 +00:00] [INF] [12] Emby.Server.Implementations.ScheduledTasks.TaskManager: "Clean Transcode Directory" Completed after 0 minute(s) and 0 seconds
[2026-02-23 20:59:41.046 +00:00] [INF] [16] Emby.Server.Implementations.ScheduledTasks.TaskManager: "Clean up collections and playlists" Completed after 0 minute(s) and 0 seconds
[2026-02-23 20:59:42.982 +00:00] [INF] [15] MediaBrowser.MediaEncoding.Encoder.MediaEncoder: Available hwaccel types: ["cuda", "vaapi", "qsv", "drm", "opencl", "vulkan"]
[2026-02-23 20:59:44.975 +00:00] [INF] [16] Emby.Server.Implementations.ScheduledTasks.TaskManager: "Update Plugins" Completed after 0 minute(s) and 4 seconds
[2026-02-23 21:00:01.539 +00:00] [INF] [15] MediaBrowser.MediaEncoding.Encoder.MediaEncoder: FFmpeg: "/usr/lib/jellyfin-ffmpeg/ffmpeg"
[2026-02-23 21:00:01.564 +00:00] [INF] [15] Emby.Server.Implementations.ApplicationHost: ServerId: "1dab1292460c43dbaea2eae18aff315b"
[2026-02-23 21:00:01.567 +00:00] [INF] [15] Emby.Server.Implementations.ApplicationHost: Core startup complete
[2026-02-23 21:00:01.568 +00:00] [INF] [15] Main: Startup complete 0:00:43.227539
